# JRE version: Java(TM) SE Runtime Environment (8.0_40-b26) (build 1.8.0_40-b26)
# Java VM: Java HotSpot(TM) 64-Bit Server VM (25.40-b25 mixed mode windows-amd64 compressed oops)
Heap:
 PSYoungGen      total 430592K, used 294129K [0x000000076b380000, 0x0000000788500000, 0x00000007c0000000)
  eden space 422400K, 69% used [0x000000076b380000,0x000000077d0b4738,0x0000000785000000)
  from space 8192K, 25% used [0x0000000785d00000,0x0000000785f08000,0x0000000786500000)
  to   space 13312K, 0% used [0x0000000785000000,0x0000000785000000,0x0000000785d00000)
 ParOldGen       total 98304K, used 15002K [0x00000006c1a00000, 0x00000006c7a00000, 0x000000076b380000)
  object space 98304K, 15% used [0x00000006c1a00000,0x00000006c28a6aa0,0x00000006c7a00000)
 Metaspace       used 25176K, capacity 25552K, committed 25856K, reserved 1073152K
  class space    used 2854K, capacity 2952K, committed 3072K, reserved 1048576K
GC Heap History (10 events):
Event: 9.602 GC heap before
{Heap before GC invocations=15 (full 1):
 PSYoungGen      total 375808K, used 363680K [0x000000076b380000, 0x0000000785700000, 0x00000007c0000000)
  eden space 360448K, 100% used [0x000000076b380000,0x0000000781380000,0x0000000781380000)
  from space 15360K, 21% used [0x0000000781380000,0x00000007816a8000,0x0000000782280000)
  to   space 15360K, 0% used [0x0000000782280000,0x0000000782280000,0x0000000783180000)
 ParOldGen       total 98304K, used 15002K [0x00000006c1a00000, 0x00000006c7a00000, 0x000000076b380000)
  object space 98304K, 15% used [0x00000006c1a00000,0x00000006c28a6aa0,0x00000006c7a00000)
 Metaspace       used 24571K, capacity 24976K, committed 25216K, reserved 1071104K
  class space    used 2798K, capacity 2888K, committed 2944K, reserved 1048576K
Event: 9.604 GC heap after
Heap after GC invocations=15 (full 1):
 PSYoungGen      total 375808K, used 2560K [0x000000076b380000, 0x0000000785700000, 0x00000007c0000000)
  eden space 360448K, 0% used [0x000000076b380000,0x000000076b380000,0x0000000781380000)
  from space 15360K, 16% used [0x0000000782280000,0x0000000782500000,0x0000000783180000)
  to   space 15360K, 0% used [0x0000000781380000,0x0000000781380000,0x0000000782280000)
 ParOldGen       total 98304K, used 15002K [0x00000006c1a00000, 0x00000006c7a00000, 0x000000076b380000)
  object space 98304K, 15% used [0x00000006c1a00000,0x00000006c28a6aa0,0x00000006c7a00000)
 Metaspace       used 24571K, capacity 24976K, committed 25216K, reserved 1071104K
  class space    used 2798K, capacity 2888K, committed 2944K, reserved 1048576K
}
Event: 10.295 GC heap before
{Heap before GC invocations=16 (full 1):
 PSYoungGen      total 375808K, used 363008K [0x000000076b380000, 0x0000000785700000, 0x00000007c0000000)
  eden space 360448K, 100% used [0x000000076b380000,0x0000000781380000,0x0000000781380000)
  from space 15360K, 16% used [0x0000000782280000,0x0000000782500000,0x0000000783180000)
  to   space 15360K, 0% used [0x0000000781380000,0x0000000781380000,0x0000000782280000)
 ParOldGen       total 98304K, used 15002K [0x00000006c1a00000, 0x00000006c7a00000, 0x000000076b380000)
  object space 98304K, 15% used [0x00000006c1a00000,0x00000006c28a6aa0,0x00000006c7a00000)
 Metaspace       used 24571K, capacity 24976K, committed 25216K, reserved 1071104K
  class space    used 2798K, capacity 2888K, committed 2944K, reserved 1048576K
Event: 10.297 GC heap after
Heap after GC invocations=16 (full 1):
 PSYoungGen      total 375808K, used 2208K [0x000000076b380000, 0x0000000786b80000, 0x00000007c0000000)
  eden space 360448K, 0% used [0x000000076b380000,0x000000076b380000,0x0000000781380000)
  from space 15360K, 14% used [0x0000000781380000,0x00000007815a8000,0x0000000782280000)
  to   space 14848K, 0% used [0x0000000785d00000,0x0000000785d00000,0x0000000786b80000)
 ParOldGen       total 98304K, used 15002K [0x00000006c1a00000, 0x00000006c7a00000, 0x000000076b380000)
  object space 98304K, 15% used [0x00000006c1a00000,0x00000006c28a6aa0,0x00000006c7a00000)
 Metaspace       used 24571K, capacity 24976K, committed 25216K, reserved 1071104K
  class space    used 2798K, capacity 2888K, committed 2944K, reserved 1048576K
}
Event: 10.962 GC heap before
{Heap before GC invocations=17 (full 1):
 PSYoungGen      total 375808K, used 362656K [0x000000076b380000, 0x0000000786b80000, 0x00000007c0000000)
  eden space 360448K, 100% used [0x000000076b380000,0x0000000781380000,0x0000000781380000)
  from space 15360K, 14% used [0x0000000781380000,0x00000007815a8000,0x0000000782280000)
  to   space 14848K, 0% used [0x0000000785d00000,0x0000000785d00000,0x0000000786b80000)
 ParOldGen       total 98304K, used 15002K [0x00000006c1a00000, 0x00000006c7a00000, 0x000000076b380000)
  object space 98304K, 15% used [0x00000006c1a00000,0x00000006c28a6aa0,0x00000006c7a00000)
 Metaspace       used 24572K, capacity 24976K, committed 25216K, reserved 1071104K
  class space    used 2798K, capacity 2888K, committed 2944K, reserved 1048576K
Event: 10.964 GC heap after
Heap after GC invocations=17 (full 1):
 PSYoungGen      total 423424K, used 1984K [0x000000076b380000, 0x0000000786500000, 0x00000007c0000000)
  eden space 415232K, 0% used [0x000000076b380000,0x000000076b380000,0x0000000784900000)
  from space 8192K, 24% used [0x0000000785d00000,0x0000000785ef0000,0x0000000786500000)
  to   space 14336K, 0% used [0x0000000784900000,0x0000000784900000,0x0000000785700000)
 ParOldGen       total 98304K, used 15002K [0x00000006c1a00000, 0x00000006c7a00000, 0x000000076b380000)
  object space 98304K, 15% used [0x00000006c1a00000,0x00000006c28a6aa0,0x00000006c7a00000)
 Metaspace       used 24572K, capacity 24976K, committed 25216K, reserved 1071104K
  class space    used 2798K, capacity 2888K, committed 2944K, reserved 1048576K
}
Event: 11.731 GC heap before
{Heap before GC invocations=18 (full 1):
 PSYoungGen      total 423424K, used 417216K [0x000000076b380000, 0x0000000786500000, 0x00000007c0000000)
  eden space 415232K, 100% used [0x000000076b380000,0x0000000784900000,0x0000000784900000)
  from space 8192K, 24% used [0x0000000785d00000,0x0000000785ef0000,0x0000000786500000)
  to   space 14336K, 0% used [0x0000000784900000,0x0000000784900000,0x0000000785700000)
 ParOldGen       total 98304K, used 15002K [0x00000006c1a00000, 0x00000006c7a00000, 0x000000076b380000)
  object space 98304K, 15% used [0x00000006c1a00000,0x00000006c28a6aa0,0x00000006c7a00000)
 Metaspace       used 24574K, capacity 24976K, committed 25216K, reserved 1071104K
  class space    used 2798K, capacity 2888K, committed 2944K, reserved 1048576K
Event: 11.732 GC heap after
Heap after GC invocations=18 (full 1):
 PSYoungGen      total 429568K, used 1872K [0x000000076b380000, 0x0000000786500000, 0x00000007c0000000)
  eden space 415232K, 0% used [0x000000076b380000,0x000000076b380000,0x0000000784900000)
  from space 14336K, 13% used [0x0000000784900000,0x0000000784ad4120,0x0000000785700000)
  to   space 8192K, 0% used [0x0000000785d00000,0x0000000785d00000,0x0000000786500000)
 ParOldGen       total 98304K, used 15002K [0x00000006c1a00000, 0x00000006c7a00000, 0x000000076b380000)
  object space 98304K, 15% used [0x00000006c1a00000,0x00000006c28a6aa0,0x00000006c7a00000)
 Metaspace       used 24574K, capacity 24976K, committed 25216K, reserved 1071104K
  class space    used 2798K, capacity 2888K, committed 2944K, reserved 1048576K
}
Event: 12.532 GC heap before
{Heap before GC invocations=19 (full 1):
 PSYoungGen      total 429568K, used 417104K [0x000000076b380000, 0x0000000786500000, 0x00000007c0000000)
  eden space 415232K, 100% used [0x000000076b380000,0x0000000784900000,0x0000000784900000)
  from space 14336K, 13% used [0x0000000784900000,0x0000000784ad4120,0x0000000785700000)
  to   space 8192K, 0% used [0x0000000785d00000,0x0000000785d00000,0x0000000786500000)
 ParOldGen       total 98304K, used 15002K [0x00000006c1a00000, 0x00000006c7a00000, 0x000000076b380000)
  object space 98304K, 15% used [0x00000006c1a00000,0x00000006c28a6aa0,0x00000006c7a00000)
 Metaspace       used 24574K, capacity 24976K, committed 25216K, reserved 1071104K
  class space    used 2798K, capacity 2888K, committed 2944K, reserved 1048576K
Event: 12.534 GC heap after
Heap after GC invocations=19 (full 1):
 PSYoungGen      total 430592K, used 2080K [0x000000076b380000, 0x0000000788500000, 0x00000007c0000000)
  eden space 422400K, 0% used [0x000000076b380000,0x000000076b380000,0x0000000785000000)
  from space 8192K, 25% used [0x0000000785d00000,0x0000000785f08000,0x0000000786500000)
  to   space 13312K, 0% used [0x0000000785000000,0x0000000785000000,0x0000000785d00000)
 ParOldGen       total 98304K, used 15002K [0x00000006c1a00000, 0x00000006c7a00000, 0x000000076b380000)
  object space 98304K, 15% used [0x00000006c1a00000,0x00000006c28a6aa0,0x00000006c7a00000)
 Metaspace       used 24574K, capacity 24976K, committed 25216K, reserved 1071104K
  class space    used 2798K, capacity 2888K, committed 2944K, reserved 1048576K
}

