# JRE version: Java(TM) SE Runtime Environment (8.0_40-b26) (build 1.8.0_40-b26)
# Java VM: Java HotSpot(TM) 64-Bit Server VM (25.40-b25 mixed mode windows-amd64 compressed oops)
Heap:
 PSYoungGen      total 451072K, used 2224K [0x000000076b380000, 0x0000000787800000, 0x00000007c0000000)
  eden space 438784K, 0% used [0x000000076b380000,0x000000076b380000,0x0000000786000000)
  from space 12288K, 18% used [0x0000000786000000,0x000000078622c020,0x0000000786c00000)
  to   space 10240K, 0% used [0x0000000786e00000,0x0000000786e00000,0x0000000787800000)
 ParOldGen       total 100864K, used 14630K [0x00000006c1a00000, 0x00000006c7c80000, 0x000000076b380000)
  object space 100864K, 14% used [0x00000006c1a00000,0x00000006c2849a28,0x00000006c7c80000)
 Metaspace       used 25043K, capacity 25440K, committed 25600K, reserved 1075200K
  class space    used 2839K, capacity 2952K, committed 3072K, reserved 1048576K
GC Heap History (10 events):
Event: 8.869 GC heap before
{Heap before GC invocations=15 (full 1):
 PSYoungGen      total 358400K, used 345376K [0x000000076b380000, 0x0000000785e80000, 0x00000007c0000000)
  eden space 342528K, 100% used [0x000000076b380000,0x0000000780200000,0x0000000780200000)
  from space 15872K, 17% used [0x0000000780200000,0x00000007804c8000,0x0000000781180000)
  to   space 14848K, 0% used [0x0000000785000000,0x0000000785000000,0x0000000785e80000)
 ParOldGen       total 100864K, used 14614K [0x00000006c1a00000, 0x00000006c7c80000, 0x000000076b380000)
  object space 100864K, 14% used [0x00000006c1a00000,0x00000006c2845a28,0x00000006c7c80000)
 Metaspace       used 24586K, capacity 24992K, committed 25216K, reserved 1071104K
  class space    used 2800K, capacity 2888K, committed 2944K, reserved 1048576K
Event: 8.871 GC heap after
Heap after GC invocations=15 (full 1):
 PSYoungGen      total 411136K, used 2048K [0x000000076b380000, 0x0000000785900000, 0x00000007c0000000)
  eden space 401920K, 0% used [0x000000076b380000,0x000000076b380000,0x0000000783c00000)
  from space 9216K, 22% used [0x0000000785000000,0x0000000785200000,0x0000000785900000)
  to   space 14848K, 0% used [0x0000000783c00000,0x0000000783c00000,0x0000000784a80000)
 ParOldGen       total 100864K, used 14622K [0x00000006c1a00000, 0x00000006c7c80000, 0x000000076b380000)
  object space 100864K, 14% used [0x00000006c1a00000,0x00000006c2847a28,0x00000006c7c80000)
 Metaspace       used 24586K, capacity 24992K, committed 25216K, reserved 1071104K
  class space    used 2800K, capacity 2888K, committed 2944K, reserved 1048576K
}
Event: 9.626 GC heap before
{Heap before GC invocations=16 (full 1):
 PSYoungGen      total 411136K, used 403968K [0x000000076b380000, 0x0000000785900000, 0x00000007c0000000)
  eden space 401920K, 100% used [0x000000076b380000,0x0000000783c00000,0x0000000783c00000)
  from space 9216K, 22% used [0x0000000785000000,0x0000000785200000,0x0000000785900000)
  to   space 14848K, 0% used [0x0000000783c00000,0x0000000783c00000,0x0000000784a80000)
 ParOldGen       total 100864K, used 14622K [0x00000006c1a00000, 0x00000006c7c80000, 0x000000076b380000)
  object space 100864K, 14% used [0x00000006c1a00000,0x00000006c2847a28,0x00000006c7c80000)
 Metaspace       used 24586K, capacity 24992K, committed 25216K, reserved 1071104K
  class space    used 2800K, capacity 2888K, committed 2944K, reserved 1048576K
Event: 9.628 GC heap after
Heap after GC invocations=16 (full 1):
 PSYoungGen      total 416768K, used 1728K [0x000000076b380000, 0x0000000785900000, 0x00000007c0000000)
  eden space 401920K, 0% used [0x000000076b380000,0x000000076b380000,0x0000000783c00000)
  from space 14848K, 11% used [0x0000000783c00000,0x0000000783db0000,0x0000000784a80000)
  to   space 9216K, 0% used [0x0000000785000000,0x0000000785000000,0x0000000785900000)
 ParOldGen       total 100864K, used 14622K [0x00000006c1a00000, 0x00000006c7c80000, 0x000000076b380000)
  object space 100864K, 14% used [0x00000006c1a00000,0x00000006c2847a28,0x00000006c7c80000)
 Metaspace       used 24586K, capacity 24992K, committed 25216K, reserved 1071104K
  class space    used 2800K, capacity 2888K, committed 2944K, reserved 1048576K
}
Event: 10.363 GC heap before
{Heap before GC invocations=17 (full 1):
 PSYoungGen      total 416768K, used 403648K [0x000000076b380000, 0x0000000785900000, 0x00000007c0000000)
  eden space 401920K, 100% used [0x000000076b380000,0x0000000783c00000,0x0000000783c00000)
  from space 14848K, 11% used [0x0000000783c00000,0x0000000783db0000,0x0000000784a80000)
  to   space 9216K, 0% used [0x0000000785000000,0x0000000785000000,0x0000000785900000)
 ParOldGen       total 100864K, used 14622K [0x00000006c1a00000, 0x00000006c7c80000, 0x000000076b380000)
  object space 100864K, 14% used [0x00000006c1a00000,0x00000006c2847a28,0x00000006c7c80000)
 Metaspace       used 24587K, capacity 24992K, committed 25216K, reserved 1071104K
  class space    used 2800K, capacity 2888K, committed 2944K, reserved 1048576K
Event: 10.366 GC heap after
Heap after GC invocations=17 (full 1):
 PSYoungGen      total 411136K, used 3296K [0x000000076b380000, 0x0000000785900000, 0x00000007c0000000)
  eden space 401920K, 0% used [0x000000076b380000,0x000000076b380000,0x0000000783c00000)
  from space 9216K, 35% used [0x0000000785000000,0x0000000785338000,0x0000000785900000)
  to   space 14848K, 0% used [0x0000000783c00000,0x0000000783c00000,0x0000000784a80000)
 ParOldGen       total 100864K, used 14622K [0x00000006c1a00000, 0x00000006c7c80000, 0x000000076b380000)
  object space 100864K, 14% used [0x00000006c1a00000,0x00000006c2847a28,0x00000006c7c80000)
 Metaspace       used 24587K, capacity 24992K, committed 25216K, reserved 1071104K
  class space    used 2800K, capacity 2888K, committed 2944K, reserved 1048576K
}
Event: 11.081 GC heap before
{Heap before GC invocations=18 (full 1):
 PSYoungGen      total 411136K, used 405216K [0x000000076b380000, 0x0000000785900000, 0x00000007c0000000)
  eden space 401920K, 100% used [0x000000076b380000,0x0000000783c00000,0x0000000783c00000)
  from space 9216K, 35% used [0x0000000785000000,0x0000000785338000,0x0000000785900000)
  to   space 14848K, 0% used [0x0000000783c00000,0x0000000783c00000,0x0000000784a80000)
 ParOldGen       total 100864K, used 14622K [0x00000006c1a00000, 0x00000006c7c80000, 0x000000076b380000)
  object space 100864K, 14% used [0x00000006c1a00000,0x00000006c2847a28,0x00000006c7c80000)
 Metaspace       used 24589K, capacity 24992K, committed 25216K, reserved 1071104K
  class space    used 2800K, capacity 2888K, committed 2944K, reserved 1048576K
Event: 11.083 GC heap after
Heap after GC invocations=18 (full 1):
 PSYoungGen      total 416768K, used 3904K [0x000000076b380000, 0x0000000787a80000, 0x00000007c0000000)
  eden space 401920K, 0% used [0x000000076b380000,0x000000076b380000,0x0000000783c00000)
  from space 14848K, 26% used [0x0000000783c00000,0x0000000783fd0000,0x0000000784a80000)
  to   space 12800K, 0% used [0x0000000786e00000,0x0000000786e00000,0x0000000787a80000)
 ParOldGen       total 100864K, used 14622K [0x00000006c1a00000, 0x00000006c7c80000, 0x000000076b380000)
  object space 100864K, 14% used [0x00000006c1a00000,0x00000006c2847a28,0x00000006c7c80000)
 Metaspace       used 24589K, capacity 24992K, committed 25216K, reserved 1071104K
  class space    used 2800K, capacity 2888K, committed 2944K, reserved 1048576K
}
Event: 11.808 GC heap before
{Heap before GC invocations=19 (full 1):
 PSYoungGen      total 416768K, used 405824K [0x000000076b380000, 0x0000000787a80000, 0x00000007c0000000)
  eden space 401920K, 100% used [0x000000076b380000,0x0000000783c00000,0x0000000783c00000)
  from space 14848K, 26% used [0x0000000783c00000,0x0000000783fd0000,0x0000000784a80000)
  to   space 12800K, 0% used [0x0000000786e00000,0x0000000786e00000,0x0000000787a80000)
 ParOldGen       total 100864K, used 14622K [0x00000006c1a00000, 0x00000006c7c80000, 0x000000076b380000)
  object space 100864K, 14% used [0x00000006c1a00000,0x00000006c2847a28,0x00000006c7c80000)
 Metaspace       used 24589K, capacity 24992K, committed 25216K, reserved 1071104K
  class space    used 2800K, capacity 2888K, committed 2944K, reserved 1048576K
Event: 11.810 GC heap after
Heap after GC invocations=19 (full 1):
 PSYoungGen      total 449024K, used 3168K [0x000000076b380000, 0x0000000787800000, 0x00000007c0000000)
  eden space 438784K, 0% used [0x000000076b380000,0x000000076b380000,0x0000000786000000)
  from space 10240K, 30% used [0x0000000786e00000,0x0000000787118000,0x0000000787800000)
  to   space 12288K, 0% used [0x0000000786000000,0x0000000786000000,0x0000000786c00000)
 ParOldGen       total 100864K, used 14622K [0x00000006c1a00000, 0x00000006c7c80000, 0x000000076b380000)
  object space 100864K, 14% used [0x00000006c1a00000,0x00000006c2847a28,0x00000006c7c80000)
 Metaspace       used 24589K, capacity 24992K, committed 25216K, reserved 1071104K
  class space    used 2800K, capacity 2888K, committed 2944K, reserved 1048576K
}

