# JRE version: Java(TM) SE Runtime Environment (8.0_40-b26) (build 1.8.0_40-b26)
# Java VM: Java HotSpot(TM) 64-Bit Server VM (25.40-b25 mixed mode windows-amd64 compressed oops)
Heap:
 PSYoungGen      total 455680K, used 387123K [0x000000076b380000, 0x000000078e400000, 0x00000007c0000000)
  eden space 439808K, 87% used [0x000000076b380000,0x0000000782be4f98,0x0000000786100000)
  from space 15872K, 10% used [0x0000000786100000,0x00000007862a8000,0x0000000787080000)
  to   space 15872K, 0% used [0x000000078d480000,0x000000078d480000,0x000000078e400000)
 ParOldGen       total 99328K, used 14596K [0x00000006c1a00000, 0x00000006c7b00000, 0x000000076b380000)
  object space 99328K, 14% used [0x00000006c1a00000,0x00000006c28411c8,0x00000006c7b00000)
 Metaspace       used 24613K, capacity 25048K, committed 25216K, reserved 1071104K
  class space    used 2800K, capacity 2888K, committed 2944K, reserved 1048576K
GC Heap History (10 events):
Event: 4.730 GC heap before
{Heap before GC invocations=8 (full 1):
 PSYoungGen      total 221696K, used 221258K [0x000000076b380000, 0x000000077c480000, 0x00000007c0000000)
  eden space 217088K, 100% used [0x000000076b380000,0x0000000778780000,0x0000000778780000)
  from space 4608K, 90% used [0x000000077c000000,0x000000077c412840,0x000000077c480000)
  to   space 14336K, 0% used [0x000000077a880000,0x000000077a880000,0x000000077b680000)
 ParOldGen       total 99328K, used 11775K [0x00000006c1a00000, 0x00000006c7b00000, 0x000000076b380000)
  object space 99328K, 11% used [0x00000006c1a00000,0x00000006c257fe40,0x00000006c7b00000)
 Metaspace       used 23930K, capacity 24344K, committed 24704K, reserved 1071104K
  class space    used 2749K, capacity 2824K, committed 2944K, reserved 1048576K
Event: 4.733 GC heap after
Heap after GC invocations=8 (full 1):
 PSYoungGen      total 265216K, used 2912K [0x000000076b380000, 0x0000000782400000, 0x00000007c0000000)
  eden space 250880K, 0% used [0x000000076b380000,0x000000076b380000,0x000000077a880000)
  from space 14336K, 20% used [0x000000077a880000,0x000000077ab58000,0x000000077b680000)
  to   space 15360K, 0% used [0x0000000781500000,0x0000000781500000,0x0000000782400000)
 ParOldGen       total 99328K, used 11783K [0x00000006c1a00000, 0x00000006c7b00000, 0x000000076b380000)
  object space 99328K, 11% used [0x00000006c1a00000,0x00000006c2581e40,0x00000006c7b00000)
 Metaspace       used 23930K, capacity 24344K, committed 24704K, reserved 1071104K
  class space    used 2749K, capacity 2824K, committed 2944K, reserved 1048576K
}
Event: 5.797 GC heap before
{Heap before GC invocations=9 (full 1):
 PSYoungGen      total 265216K, used 253792K [0x000000076b380000, 0x0000000782400000, 0x00000007c0000000)
  eden space 250880K, 100% used [0x000000076b380000,0x000000077a880000,0x000000077a880000)
  from space 14336K, 20% used [0x000000077a880000,0x000000077ab58000,0x000000077b680000)
  to   space 15360K, 0% used [0x0000000781500000,0x0000000781500000,0x0000000782400000)
 ParOldGen       total 99328K, used 11783K [0x00000006c1a00000, 0x00000006c7b00000, 0x000000076b380000)
  object space 99328K, 11% used [0x00000006c1a00000,0x00000006c2581e40,0x00000006c7b00000)
 Metaspace       used 24585K, capacity 25048K, committed 25216K, reserved 1071104K
  class space    used 2800K, capacity 2888K, committed 2944K, reserved 1048576K
Event: 5.802 GC heap after
Heap after GC invocations=9 (full 1):
 PSYoungGen      total 361984K, used 3840K [0x000000076b380000, 0x0000000784b00000, 0x00000007c0000000)
  eden space 346624K, 0% used [0x000000076b380000,0x000000076b380000,0x0000000780600000)
  from space 15360K, 25% used [0x0000000781500000,0x00000007818c0000,0x0000000782400000)
  to   space 15360K, 0% used [0x0000000780600000,0x0000000780600000,0x0000000781500000)
 ParOldGen       total 99328K, used 11791K [0x00000006c1a00000, 0x00000006c7b00000, 0x000000076b380000)
  object space 99328K, 11% used [0x00000006c1a00000,0x00000006c2583e40,0x00000006c7b00000)
 Metaspace       used 24585K, capacity 25048K, committed 25216K, reserved 1071104K
  class space    used 2800K, capacity 2888K, committed 2944K, reserved 1048576K
}
Event: 7.011 GC heap before
{Heap before GC invocations=10 (full 1):
 PSYoungGen      total 361984K, used 350464K [0x000000076b380000, 0x0000000784b00000, 0x00000007c0000000)
  eden space 346624K, 100% used [0x000000076b380000,0x0000000780600000,0x0000000780600000)
  from space 15360K, 25% used [0x0000000781500000,0x00000007818c0000,0x0000000782400000)
  to   space 15360K, 0% used [0x0000000780600000,0x0000000780600000,0x0000000781500000)
 ParOldGen       total 99328K, used 11791K [0x00000006c1a00000, 0x00000006c7b00000, 0x000000076b380000)
  object space 99328K, 11% used [0x00000006c1a00000,0x00000006c2583e40,0x00000006c7b00000)
 Metaspace       used 24602K, capacity 25048K, committed 25216K, reserved 1071104K
  class space    used 2800K, capacity 2888K, committed 2944K, reserved 1048576K
Event: 7.018 GC heap after
Heap after GC invocations=10 (full 1):
 PSYoungGen      total 361984K, used 2304K [0x000000076b380000, 0x0000000788a00000, 0x00000007c0000000)
  eden space 346624K, 0% used [0x000000076b380000,0x000000076b380000,0x0000000780600000)
  from space 15360K, 15% used [0x0000000780600000,0x0000000780840000,0x0000000781500000)
  to   space 15872K, 0% used [0x0000000787a80000,0x0000000787a80000,0x0000000788a00000)
 ParOldGen       total 99328K, used 13812K [0x00000006c1a00000, 0x00000006c7b00000, 0x000000076b380000)
  object space 99328K, 13% used [0x00000006c1a00000,0x00000006c277d1c8,0x00000006c7b00000)
 Metaspace       used 24602K, capacity 25048K, committed 25216K, reserved 1071104K
  class space    used 2800K, capacity 2888K, committed 2944K, reserved 1048576K
}
Event: 8.112 GC heap before
{Heap before GC invocations=11 (full 1):
 PSYoungGen      total 361984K, used 348928K [0x000000076b380000, 0x0000000788a00000, 0x00000007c0000000)
  eden space 346624K, 100% used [0x000000076b380000,0x0000000780600000,0x0000000780600000)
  from space 15360K, 15% used [0x0000000780600000,0x0000000780840000,0x0000000781500000)
  to   space 15872K, 0% used [0x0000000787a80000,0x0000000787a80000,0x0000000788a00000)
 ParOldGen       total 99328K, used 13812K [0x00000006c1a00000, 0x00000006c7b00000, 0x000000076b380000)
  object space 99328K, 13% used [0x00000006c1a00000,0x00000006c277d1c8,0x00000006c7b00000)
 Metaspace       used 24613K, capacity 25048K, committed 25216K, reserved 1071104K
  class space    used 2800K, capacity 2888K, committed 2944K, reserved 1048576K
Event: 8.117 GC heap after
Heap after GC invocations=11 (full 1):
 PSYoungGen      total 445440K, used 2048K [0x000000076b380000, 0x0000000788000000, 0x00000007c0000000)
  eden space 439808K, 0% used [0x000000076b380000,0x000000076b380000,0x0000000786100000)
  from space 5632K, 36% used [0x0000000787a80000,0x0000000787c80000,0x0000000788000000)
  to   space 15872K, 0% used [0x0000000786100000,0x0000000786100000,0x0000000787080000)
 ParOldGen       total 99328K, used 14588K [0x00000006c1a00000, 0x00000006c7b00000, 0x000000076b380000)
  object space 99328K, 14% used [0x00000006c1a00000,0x00000006c283f1c8,0x00000006c7b00000)
 Metaspace       used 24613K, capacity 25048K, committed 25216K, reserved 1071104K
  class space    used 2800K, capacity 2888K, committed 2944K, reserved 1048576K
}
Event: 9.344 GC heap before
{Heap before GC invocations=12 (full 1):
 PSYoungGen      total 445440K, used 441856K [0x000000076b380000, 0x0000000788000000, 0x00000007c0000000)
  eden space 439808K, 100% used [0x000000076b380000,0x0000000786100000,0x0000000786100000)
  from space 5632K, 36% used [0x0000000787a80000,0x0000000787c80000,0x0000000788000000)
  to   space 15872K, 0% used [0x0000000786100000,0x0000000786100000,0x0000000787080000)
 ParOldGen       total 99328K, used 14588K [0x00000006c1a00000, 0x00000006c7b00000, 0x000000076b380000)
  object space 99328K, 14% used [0x00000006c1a00000,0x00000006c283f1c8,0x00000006c7b00000)
 Metaspace       used 24613K, capacity 25048K, committed 25216K, reserved 1071104K
  class space    used 2800K, capacity 2888K, committed 2944K, reserved 1048576K
Event: 9.346 GC heap after
Heap after GC invocations=12 (full 1):
 PSYoungGen      total 455680K, used 1696K [0x000000076b380000, 0x000000078e400000, 0x00000007c0000000)
  eden space 439808K, 0% used [0x000000076b380000,0x000000076b380000,0x0000000786100000)
  from space 15872K, 10% used [0x0000000786100000,0x00000007862a8000,0x0000000787080000)
  to   space 15872K, 0% used [0x000000078d480000,0x000000078d480000,0x000000078e400000)
 ParOldGen       total 99328K, used 14596K [0x00000006c1a00000, 0x00000006c7b00000, 0x000000076b380000)
  object space 99328K, 14% used [0x00000006c1a00000,0x00000006c28411c8,0x00000006c7b00000)
 Metaspace       used 24613K, capacity 25048K, committed 25216K, reserved 1071104K
  class space    used 2800K, capacity 2888K, committed 2944K, reserved 1048576K
}

